<?xml version="1.0" encoding="UTF-8"?>
<!-- Generated by org.testng.reporters.JUnitReportReporter -->
<testsuite hostname="shubhangishar01" failures="0" tests="5" name="com.EndTestFlipKartAssignment.tests.SearchTest" time="98.803" errors="0" timestamp="09 Feb 2022 15:58:00 GMT" skipped="0">
  <testcase classname="com.EndTestFlipKartAssignment.tests.SearchTest" name="searchExactKeywordFunctionality" time="14.226"/>
  <testcase classname="com.EndTestFlipKartAssignment.tests.SearchTest" name="searchRandomKeywordFunctionality" time="15.150"/>
  <testcase classname="com.EndTestFlipKartAssignment.tests.SearchTest" name="applyFiltersSearchFunctionality" time="16.024"/>
  <testcase classname="com.EndTestFlipKartAssignment.tests.SearchTest" name="searchWithDropdownFunctionality" time="33.949"/>
  <testcase classname="com.EndTestFlipKartAssignment.tests.SearchTest" name="removeFiltersFunctionality" time="19.454"/>
</testsuite> <!-- com.EndTestFlipKartAssignment.tests.SearchTest -->
