<?xml version="1.0" encoding="UTF-8"?>
<!-- Generated by org.testng.reporters.JUnitReportReporter -->
<testsuite hostname="shubhangishar01" failures="0" tests="3" name="com.EndTestFlipKartAssignment.tests.LoginTest" time="24.805" errors="0" timestamp="09 Feb 2022 15:58:00 GMT" skipped="0">
  <testcase classname="com.EndTestFlipKartAssignment.tests.LoginTest" name="validEmailLogInFunctionality" time="8.799"/>
  <testcase classname="com.EndTestFlipKartAssignment.tests.LoginTest" name="validLogInFunctionality" time="9.549"/>
  <testcase classname="com.EndTestFlipKartAssignment.tests.LoginTest" name="invalidLogInFunctionality" time="6.457"/>
</testsuite> <!-- com.EndTestFlipKartAssignment.tests.LoginTest -->
