<?xml version="1.0" encoding="UTF-8"?>
<!-- Generated by org.testng.reporters.JUnitReportReporter -->
<testsuite hostname="shubhangishar01" failures="0" tests="1" name="com.EndTestFlipKartAssignment.tests.SaveForLaterTest" time="12.139" errors="0" timestamp="09 Feb 2022 15:58:00 GMT" skipped="0">
  <testcase classname="com.EndTestFlipKartAssignment.tests.SaveForLaterTest" name="saveForLaterFunctionality" time="12.139"/>
</testsuite> <!-- com.EndTestFlipKartAssignment.tests.SaveForLaterTest -->
