<?xml version="1.0" encoding="UTF-8"?>
<!-- Generated by org.testng.reporters.JUnitReportReporter -->
<testsuite hostname="shubhangishar01" failures="0" tests="1" name="com.EndTestFlipKartAssignment.tests.removeFromCartTest" time="25.499" errors="0" timestamp="02 Feb 2022 09:26:11 GMT" skipped="0">
  <testcase classname="com.EndTestFlipKartAssignment.tests.removeFromCartTest" name="addToCartFunctionality" time="25.499"/>
</testsuite> <!-- com.EndTestFlipKartAssignment.tests.removeFromCartTest -->
