<?xml version="1.0" encoding="UTF-8"?>
<!-- Generated by org.testng.reporters.JUnitReportReporter -->
<testsuite hostname="shubhangishar01" failures="0" tests="1" name="com.EndTestFlipKartAssignment.tests.HomePageClickTest" time="21.188" errors="0" timestamp="09 Feb 2022 15:58:00 GMT" skipped="0">
  <testcase classname="com.EndTestFlipKartAssignment.tests.HomePageClickTest" name="HomePageClickFunctionality" time="21.188"/>
</testsuite> <!-- com.EndTestFlipKartAssignment.tests.HomePageClickTest -->
