<?xml version="1.0" encoding="UTF-8"?>
<!-- Generated by org.testng.reporters.JUnitReportReporter -->
<testsuite hostname="shubhangishar01" failures="0" tests="2" name="com.EndTestFlipKartAssignment.tests.SortingTest" time="68.259" errors="0" timestamp="09 Feb 2022 15:58:00 GMT" skipped="1">
  <testcase classname="com.EndTestFlipKartAssignment.tests.SortingTest" name="sortLowToHighFunctionality" time="51.299"/>
  <testcase classname="com.EndTestFlipKartAssignment.tests.SortingTest" name="sortHighToLowFunctionality" time="16.960">
    <skipped/>
  </testcase> <!-- sortHighToLowFunctionality -->
</testsuite> <!-- com.EndTestFlipKartAssignment.tests.SortingTest -->
