<?xml version="1.0" encoding="UTF-8"?>
<!-- Generated by org.testng.reporters.JUnitReportReporter -->
<testsuite hostname="shubhangishar01" failures="0" tests="1" name="com.EndTestFlipKartAssignment.tests.CoinBalanceTest" time="13.520" errors="0" timestamp="09 Feb 2022 15:58:00 GMT" skipped="0">
  <testcase classname="com.EndTestFlipKartAssignment.tests.CoinBalanceTest" name="BalanceCheckFunctionality" time="13.520"/>
</testsuite> <!-- com.EndTestFlipKartAssignment.tests.CoinBalanceTest -->
