<?xml version="1.0" encoding="UTF-8"?>
<!-- Generated by org.testng.reporters.JUnitReportReporter -->
<testsuite hostname="shubhangishar01" failures="0" tests="2" name="com.EndTestFlipKartAssignment.tests.LoginTest" time="24.767" errors="0" timestamp="08 Feb 2022 18:54:07 GMT" skipped="0">
  <testcase classname="com.EndTestFlipKartAssignment.tests.LoginTest" name="validLogInFunctionality" time="14.775"/>
  <testcase classname="com.EndTestFlipKartAssignment.tests.LoginTest" name="invalidLogInFunctionality" time="9.992"/>
</testsuite> <!-- com.EndTestFlipKartAssignment.tests.LoginTest -->
