<?xml version="1.0" encoding="UTF-8"?>
<!-- Generated by org.testng.reporters.JUnitReportReporter -->
<testsuite hostname="shubhangishar01" failures="0" tests="1" name="com.EndTestFlipKartAssignment.tests.OrderShowTest" time="13.314" errors="0" timestamp="08 Feb 2022 18:54:07 GMT" skipped="0">
  <testcase classname="com.EndTestFlipKartAssignment.tests.OrderShowTest" name="orderDisplayFunctionality" time="13.314"/>
</testsuite> <!-- com.EndTestFlipKartAssignment.tests.OrderShowTest -->
