<?xml version="1.0" encoding="UTF-8"?>
<!-- Generated by org.testng.reporters.JUnitReportReporter -->
<testsuite hostname="shubhangishar01" failures="0" tests="5" name="com.EndTestFlipKartAssignment.tests.SearchTest" time="128.401" errors="0" timestamp="08 Feb 2022 18:54:07 GMT" skipped="0">
  <testcase classname="com.EndTestFlipKartAssignment.tests.SearchTest" name="searchExactKeywordFunctionality" time="19.169"/>
  <testcase classname="com.EndTestFlipKartAssignment.tests.SearchTest" name="searchRandomKeywordFunctionality" time="14.158"/>
  <testcase classname="com.EndTestFlipKartAssignment.tests.SearchTest" name="applyFiltersSearchFunctionality" time="23.532"/>
  <testcase classname="com.EndTestFlipKartAssignment.tests.SearchTest" name="searchWithDropdownFunctionality" time="49.411"/>
  <testcase classname="com.EndTestFlipKartAssignment.tests.SearchTest" name="removeFiltersFunctionality" time="22.131"/>
</testsuite> <!-- com.EndTestFlipKartAssignment.tests.SearchTest -->
