<?xml version="1.0" encoding="UTF-8"?>
<!-- Generated by org.testng.reporters.JUnitReportReporter -->
<testsuite hostname="shubhangishar01" failures="0" tests="1" name="com.EndTestFlipKartAssignment.tests.RemoveFromWishlist" time="0.000" errors="0" timestamp="08 Feb 2022 18:54:07 GMT" skipped="1">
  <testcase classname="com.EndTestFlipKartAssignment.tests.RemoveFromWishlist" name="removeFromWishlistFunctionality" time="0.000">
    <skipped/>
  </testcase> <!-- removeFromWishlistFunctionality -->
</testsuite> <!-- com.EndTestFlipKartAssignment.tests.RemoveFromWishlist -->
