<?xml version="1.0" encoding="UTF-8"?>
<!-- Generated by org.testng.reporters.JUnitReportReporter -->
<testsuite hostname="shubhangishar01" failures="0" tests="1" name="com.EndTestFlipKartAssignment.tests.LogOutTest" time="14.504" errors="0" timestamp="08 Feb 2022 18:54:07 GMT" skipped="0">
  <testcase classname="com.EndTestFlipKartAssignment.tests.LogOutTest" name="LogOutFunctionality" time="14.504"/>
</testsuite> <!-- com.EndTestFlipKartAssignment.tests.LogOutTest -->
