<?xml version="1.0" encoding="UTF-8"?>
<!-- Generated by org.testng.reporters.JUnitReportReporter -->
<testsuite hostname="shubhangishar01" failures="0" tests="2" name="com.EndTestFlipKartAssignment.tests.SortingTest" time="0.000" errors="0" timestamp="08 Feb 2022 18:54:07 GMT" skipped="2">
  <testcase classname="com.EndTestFlipKartAssignment.tests.SortingTest" name="sortLowToHighFunctionality" time="0.000">
    <skipped/>
  </testcase> <!-- sortLowToHighFunctionality -->
  <testcase classname="com.EndTestFlipKartAssignment.tests.SortingTest" name="sortHighToLowFunctionality" time="0.000">
    <skipped/>
  </testcase> <!-- sortHighToLowFunctionality -->
</testsuite> <!-- com.EndTestFlipKartAssignment.tests.SortingTest -->
